
/home/runner/work/exp-single-column-manometer-iitb/exp-single-column-manometer-iitb/experiment/simulation/common_libraries/js/ts_components/collapse_step.js
   1:10  warning  'show_step' is defined but never used                 no-unused-vars
   2:5   warning  '$' is not defined                                    no-undef
   3:9   warning  '$' is not defined                                    no-undef
   6:10  warning  'hide_step' is defined but never used                 no-unused-vars
   7:5   warning  '$' is not defined                                    no-undef
   8:9   warning  '$' is not defined                                    no-undef
  11:10  warning  'get_collapse_btn_text' is defined but never used     no-unused-vars
  20:10  warning  'get_collapse_btn_element' is defined but never used  no-unused-vars
  29:10  warning  'hide_all_steps' is defined but never used            no-unused-vars
  31:9   warning  '$' is not defined                                    no-undef

/home/runner/work/exp-single-column-manometer-iitb/exp-single-column-manometer-iitb/experiment/simulation/common_libraries/js/ts_components/matrix.js
   27:26  warning  'MathJax' is not defined                                no-undef
   32:7   warning  'Matrix_Without_String' is defined but never used       no-unused-vars
   52:26  warning  'MathJax' is not defined                                no-undef
   56:10  warning  'get_matrix_html' is defined but never used             no-unused-vars
   87:13  warning  'row_html' is assigned a value but never used           no-unused-vars
   99:10  warning  'get_matrix_html_with_title' is defined but never used  no-unused-vars
  131:13  warning  'row_html' is assigned a value but never used           no-unused-vars
  143:10  warning  'convert_2d_to_1d_vector' is defined but never used     no-unused-vars
  156:10  warning  'convert_1d_to_2d_matrix' is defined but never used     no-unused-vars

/home/runner/work/exp-single-column-manometer-iitb/exp-single-column-manometer-iitb/experiment/simulation/common_libraries/js/ts_components/pannel.js
  8:7  warning  'Pannel' is defined but never used  no-unused-vars

/home/runner/work/exp-single-column-manometer-iitb/exp-single-column-manometer-iitb/experiment/simulation/common_libraries/js/ts_components/questions.js
   6:17  warning  'op1' is assigned a value but never used      no-unused-vars
   7:17  warning  'op2' is assigned a value but never used      no-unused-vars
   8:17  warning  'op3' is assigned a value but never used      no-unused-vars
   9:17  warning  'op4' is assigned a value but never used      no-unused-vars
  94:7   warning  'Question_Options' is defined but never used  no-unused-vars

/home/runner/work/exp-single-column-manometer-iitb/exp-single-column-manometer-iitb/experiment/simulation/common_libraries/js/ts_components/tables.js
   19:22  warning  'verify_values' is not defined                                     no-undef
  137:22  warning  'verify_values' is not defined                                     no-undef
  260:7   warning  'Verify_Rows_Cols_6_decimal_places' is defined but never used      no-unused-vars
  311:22  warning  'verify_values' is not defined                                     no-undef
  416:7   warning  'Verify_Rows_Cols_Custom_Fixed_Update1' is defined but never used  no-unused-vars
  468:7   warning  'Show_Table_Custom_Fixed' is defined but never used                no-unused-vars
  506:7   warning  'Verify_Rows_Cols_Strings' is defined but never used               no-unused-vars
  527:22  warning  'verify_values' is not defined                                     no-undef
  663:7   warning  'Display_Table' is defined but never used                          no-unused-vars

/home/runner/work/exp-single-column-manometer-iitb/exp-single-column-manometer-iitb/experiment/simulation/common_libraries/js/ts_math_library/general_math_functions.js
    1:10  warning  'verify_values' is defined but never used                   no-unused-vars
   17:10  warning  'random1' is defined but never used                         no-unused-vars
   21:10  warning  'std_deviation' is defined but never used                   no-unused-vars
   26:10  warning  'gauss' is defined but never used                           no-unused-vars
   56:10  warning  'hide_panel' is defined but never used                      no-unused-vars
   63:10  warning  'inverse_matrix' is defined but never used                  no-unused-vars
   96:10  warning  'matrix_multiplication' is defined but never used           no-unused-vars
  113:10  warning  'transpose_matrix' is defined but never used                no-unused-vars
  123:10  warning  'matrix_multiplication_8decimal' is defined but never used  no-unused-vars
  140:10  warning  'adjoint_2x2_matrix' is defined but never used              no-unused-vars
  145:10  warning  'find_deteminant' is defined but never used                 no-unused-vars
  174:10  warning  'get_Submatrix' is defined but never used                   no-unused-vars

/home/runner/work/exp-single-column-manometer-iitb/exp-single-column-manometer-iitb/experiment/simulation/common_libraries/js/ts_math_library/regression.js
   1:10  warning  'regression_linear' is defined but never used            no-unused-vars
  18:10  warning  'regression_linear_1variable' is defined but never used  no-unused-vars
  27:10  warning  'regression_linear_2variable' is defined but never used  no-unused-vars
  52:11  warning  'gauss' is not defined                                   no-undef

/home/runner/work/exp-single-column-manometer-iitb/exp-single-column-manometer-iitb/experiment/simulation/common_libraries/math.ob.js
  1:745  warning  'b' is already defined  no-redeclare

/home/runner/work/exp-single-column-manometer-iitb/exp-single-column-manometer-iitb/experiment/simulation/js/activity1.js
   19:24   warning  'MathJax' is not defined                   no-undef
   22:10   warning  'start_act1' is defined but never used     no-unused-vars
   27:20   warning  'get_collapse_btn_text' is not defined     no-undef
   32:245  warning  'aria_ratio_denominator' is not defined    no-undef
   42:47   warning  'aria_ratio_denominator' is not defined    no-undef
   91:5    warning  'hide_all_steps' is not defined            no-undef
   92:5    warning  'show_step' is not defined                 no-undef
   93:24   warning  'MathJax' is not defined                   no-undef
   94:5    warning  'pressure' is not defined                  no-undef
   94:21   warning  'aria_ratio_denominator' is not defined    no-undef
   94:47   warning  'h2' is not defined                        no-undef
   94:53   warning  'rho2' is not defined                      no-undef
   94:67   warning  'rho1' is not defined                      no-undef
   95:5    warning  'pressure' is not defined                  no-undef
   95:17   warning  'h2' is not defined                        no-undef
   95:22   warning  'rho2' is not defined                      no-undef
   95:36   warning  'h1' is not defined                        no-undef
   95:41   warning  'rho1' is not defined                      no-undef
   97:10   warning  'verify_a1' is defined but never used      no-unused-vars
   99:32   warning  'pressure' is not defined                  no-undef
  102:9    warning  'inp2' is assigned a value but never used  no-unused-vars
  103:9    warning  'sp2' is assigned a value but never used   no-unused-vars
  104:10   warning  'verify_values' is not defined             no-undef
  104:48   warning  'pressure' is not defined                  no-undef
  110:25   warning  'pressure' is not defined                  no-undef

/home/runner/work/exp-single-column-manometer-iitb/exp-single-column-manometer-iitb/experiment/simulation/js/data.js
  2:5  warning  'pressure' is assigned a value but never used  no-unused-vars
  4:5  warning  'ratio' is assigned a value but never used     no-unused-vars
  5:5  warning  'h1' is assigned a value but never used        no-unused-vars
  6:5  warning  'h2' is assigned a value but never used        no-unused-vars
  7:5  warning  'rho1' is assigned a value but never used      no-unused-vars
  8:5  warning  'rho2' is assigned a value but never used      no-unused-vars

/home/runner/work/exp-single-column-manometer-iitb/exp-single-column-manometer-iitb/experiment/simulation/js/gauss_ele.js
  42:10  warning  'gauss_ele' is defined but never used  no-unused-vars

/home/runner/work/exp-single-column-manometer-iitb/exp-single-column-manometer-iitb/experiment/simulation/js/screen_size.js
  1:10  warning  'set_screen_size' is defined but never used  no-unused-vars

/home/runner/work/exp-single-column-manometer-iitb/exp-single-column-manometer-iitb/experiment/simulation/js/trap.js
   4:10  warning  'generate_data' is defined but never used  no-unused-vars
  13:10  warning  'trap' is defined but never used           no-unused-vars
  21:10  warning  'sim1by3' is defined but never used        no-unused-vars
  29:10  warning  'sim3by8' is defined but never used        no-unused-vars

✖ 88 problems (0 errors, 88 warnings)

